usr/bin/docker run --name ghcriosuperlintersuperlinterslimv5_bc261f --label c815a8 --workdir /github/workspace --rm -e "APP_NAME" -e "APP_ID" -e "IMAGE_REGISTRY" -e "SECURITY_SCAN" -e "SECURITY_SCAN_FAILS_BUILD" -e "UNIT_TEST_WORKSPACE_BACKUP" -e "SETTINGS_PATH" -e "GLCP_BUILD_SYSTEM" -e "MAVEN_ACTIONS_ONLY" -e "MULTI_SERVICE_APP" -e "VALIDATE_ALL_CODEBASE" -e "FILTER_REGEX_EXCLUDE" -e "DEFAULT_BRANCH" -e "GITHUB_TOKEN" -e "CREATE_LOG_FILE" -e "LOG_FILE" -e "HOME" -e "GITHUB_JOB" -e "GITHUB_REF" -e "GITHUB_SHA" -e "GITHUB_REPOSITORY" -e "GITHUB_REPOSITORY_OWNER" -e "GITHUB_REPOSITORY_OWNER_ID" -e "GITHUB_RUN_ID" -e "GITHUB_RUN_NUMBER" -e "GITHUB_RETENTION_DAYS" -e "GITHUB_RUN_ATTEMPT" -e "GITHUB_REPOSITORY_ID" -e "GITHUB_ACTOR_ID" -e "GITHUB_ACTOR" -e "GITHUB_TRIGGERING_ACTOR" -e "GITHUB_WORKFLOW" -e "GITHUB_HEAD_REF" -e "GITHUB_BASE_REF" -e "GITHUB_EVENT_NAME" -e "GITHUB_SERVER_URL" -e "GITHUB_API_URL" -e "GITHUB_GRAPHQL_URL" -e "GITHUB_REF_NAME" -e "GITHUB_REF_PROTECTED" -e "GITHUB_REF_TYPE" -e "GITHUB_WORKFLOW_REF" -e "GITHUB_WORKFLOW_SHA" -e "GITHUB_WORKSPACE" -e "GITHUB_ACTION" -e "GITHUB_EVENT_PATH" -e "GITHUB_ACTION_REPOSITORY" -e "GITHUB_ACTION_REF" -e "GITHUB_PATH" -e "GITHUB_ENV" -e "GITHUB_STEP_SUMMARY" -e "GITHUB_STATE" -e "GITHUB_OUTPUT" -e "RUNNER_OS" -e "RUNNER_ARCH" -e "RUNNER_NAME" -e "RUNNER_ENVIRONMENT" -e "RUNNER_TOOL_CACHE" -e "RUNNER_TEMP" -e "RUNNER_WORKSPACE" -e "ACTIONS_RUNTIME_URL" -e "ACTIONS_RUNTIME_TOKEN" -e "ACTIONS_CACHE_URL" -e "ACTIONS_RESULTS_URL" -e GITHUB_ACTIONS=true -e CI=true -v "/var/run/docker.sock":"/var/run/docker.sock" -v "/home/runner/work/_temp/_github_home":"/github/home" -v "/home/runner/work/_temp/_github_workflow":"/github/workflow" -v "/home/runner/work/_temp/_runner_file_commands":"/github/file_commands" -v "/home/runner/work/cds-orchestrator/cds-orchestrator":"/github/workspace" ghcr.io/super-linter/super-linter:slim-v5
20
--------------------------------------------------------------------------------
21

22
                              /@@#///////@@/(@//@%/(@.@(       @@
23
                          @@//////////////////////////////#*  @@@
24
                        @////@//(///////////@@@@@///@//@/@**//@@(
25
                      @///////@///////////////@@@@    (           @,
26
2024-03-19 00:13:02 [INFO]   ---------------------------------------------
27
                     @/(&/@////////////////////                     @
28
                    @////////////////////////@@                      @
29
                  @%////////(//////////%/////&@            @@       *,@           ______________
30
             @@@@@/@/#/////(&//////////////////                       .@         /              \
31
        *@@@@@.    .%///(//@//////////////////&.   .@@,                 @%      / Don't mind me  \
32
2024-03-19 00:13:02 [INFO]   --- GitHub Actions Multi Language Linter ----
33
      @@%           .&@&&/@.@//&/////(//////////    @@@@@@@@@         .. &@    / I'm just looking \
34
    @@%               @@@@@   @&/////////////////#   @/       V  @@/ ,@@@ @   <  for some trash... |
35
@@@%                   @@@@        .%@@@@//////#@ @   @@         @     .,.     \__________________/
36
                                          @@@/@(  (@@@@% @/\      %
37
                                           @@@@(    .     .@@/\   #
38
                                             @                  %@%
39

40
--------------------------------------------------------------------------------
41
2024-03-19 00:13:02 [INFO]    - Image Creation Date:[2023-12-02T08:58:52Z]
42
2024-03-19 00:13:02 [INFO]    - Image Revision:[a8150b40c89574adb5f68bf9502b890a236a06b3]
43
2024-03-19 00:13:02 [INFO]    - Image Version:[a8150b40c89574adb5f68bf9502b890a236a06b3]
44
2024-03-19 00:13:02 [INFO]   ---------------------------------------------
45
2024-03-19 00:13:02 [INFO]   ---------------------------------------------
46
2024-03-19 00:13:02 [INFO]   The Super-Linter source code can be found at:
47
2024-03-19 00:13:02 [INFO]    - https://github.com/super-linter/super-linter
48
2024-03-19 00:13:02 [INFO]   ---------------------------------------------
49
Removing Languages from LANGUAGE_ARRAY for slim image...
50
found item:[ARM], removing Language...
51
found item:[CSHARP], removing Language...
52
found item:[ENV], removing Language...
53
found item:[POWERSHELL], removing Language...
54
found item:[RUST_2015], removing Language...
55
found item:[RUST_2018], removing Language...
56
found item:[RUST_2021], removing Language...
57
found item:[RUST_CLIPPY], removing Language...
58
Removing Linters from LINTER_NAMES_ARRAY for slim image...
59
found item:[ARM], removing linter...
60
found item:[CSHARP], removing linter...
61
found item:[ENV], removing linter...
62
found item:[POWERSHELL], removing linter...
63
found item:[RUST_2015], removing linter...
64
found item:[RUST_2018], removing linter...
65
found item:[RUST_2021], removing linter...
66
found item:[RUST_CLIPPY], removing linter...
67
2024-03-19 00:13:02 [INFO]   --------------------------------------------
68
2024-03-19 00:13:02 [INFO]   Gathering GitHub information...
69
2024-03-19 00:13:02 [INFO]   Successfully found:[GITHUB_SHA], value:[8409be7dd8e99d37eabb1d2df32d05fe2f01e1b2]
70
2024-03-19 00:13:02 [INFO]   Successfully found:[GITHUB_WORKSPACE], value:[/github/workspace]
71
2024-03-19 00:13:02 [INFO]   Successfully found:[GITHUB_EVENT_PATH], value:[/github/workflow/event.json]
72
2024-03-19 00:13:02 [INFO]   Successfully found:[GITHUB_ORG], value:[glcp]
73
2024-03-19 00:13:02 [INFO]   Successfully found:[GITHUB_REPO], value:[cds-orchestrator]
74
2024-03-19 00:13:02 [INFO]   Successfully found:[GITHUB_TOKEN]
75
2024-03-19 00:13:02 [INFO]   Successfully found:[GITHUB_REPOSITORY], value:[glcp/cds-orchestrator]
76
2024-03-19 00:13:02 [INFO]   Successfully found:[GITHUB_RUN_ID], value:[8335373999]
77
2024-03-19 00:13:02 [INFO]   --------------------------------------------
78
2024-03-19 00:13:02 [INFO]   Gathering user validation information...
79
2024-03-19 00:13:02 [INFO]   - Only validating [new], or [edited] files in code base...
80
You are not currently on a branch.
81
Please specify which branch you want to merge with.
82
See git-pull(1) for details.
83

84
    git pull <remote> <branch>
85

86
2024-03-19 00:13:06 [INFO]   ---------------------------------
87
2024-03-19 00:13:06 [INFO]   ------ File list to check: ------
88
2024-03-19 00:13:06 [INFO]   ---------------------------------
89
2024-03-19 00:13:06 [INFO]   ----------------------------------------------
90
2024-03-19 00:13:06 [INFO]   Successfully gathered list of files...
91
2024-03-19 00:13:06 [INFO]   
92
2024-03-19 00:13:06 [INFO]   ----------------------------------------------
93
2024-03-19 00:13:06 [INFO]   ----------------------------------------------
94
2024-03-19 00:13:06 [INFO]   Linting [BASH] files...
95
2024-03-19 00:13:06 [INFO]   ----------------------------------------------
96
2024-03-19 00:13:06 [INFO]   ----------------------------------------------
97
2024-03-19 00:13:06 [INFO]   ---------------------------
98
2024-03-19 00:13:06 [INFO]   File:[/github/workspace/docker/scripts/start.sh]
99
2024-03-19 00:13:07 [ERROR]   Found errors in [shellcheck] linter!
100
2024-03-19 00:13:07 [ERROR]   Error code: 1. Command output:
101
------
102

103
In /github/workspace/docker/scripts/start.sh line 2:
104
source /var/gts-orchestrator/scripts/environment.sh
105
       ^-- SC1091 (info): Not following: /var/gts-orchestrator/scripts/environment.sh: openBinaryFile: does not exist (No such file or directory)
106

107

108
In /github/workspace/docker/scripts/start.sh line 3:
109
source /var/gts-orchestrator/scripts/defaults.sh
110
       ^-- SC1091 (info): Not following: /var/gts-orchestrator/scripts/defaults.sh: openBinaryFile: does not exist (No such file or directory)
111

112

113
In /github/workspace/docker/scripts/start.sh line 12:
114
export NEWRELIC_API_TOKEN=$(jq </config/data/config_newrelic.json -r '.newrelic.new_relic_api_token')
115
       ^----------------^ SC2155 (warning): Declare and assign separately to avoid masking return values.
116

117
For more information:
118
  https://www.shellcheck.net/wiki/SC2155 -- Declare and assign separately to ...
119
  https://www.shellcheck.net/wiki/SC1091 -- Not following: /var/gts-orchestra...
120
------
121
2024-03-19 00:13:07 [INFO]   
122
2024-03-19 00:13:07 [INFO]   ----------------------------------------------
123
2024-03-19 00:13:07 [INFO]   ----------------------------------------------
124
2024-03-19 00:13:07 [INFO]   Linting [BASH_EXEC] files...
125
2024-03-19 00:13:07 [INFO]   ----------------------------------------------
126
2024-03-19 00:13:07 [INFO]   ----------------------------------------------
127
2024-03-19 00:13:07 [INFO]   ---------------------------
128
2024-03-19 00:13:07 [INFO]   File:[/github/workspace/docker/scripts/start.sh]
129
2024-03-19 00:13:07 [INFO]    - File:[start.sh] was linted with [bash-exec] successfully
130
2024-03-19 00:13:07 [INFO]   
131
2024-03-19 00:13:07 [INFO]   ----------------------------------------------
132
2024-03-19 00:13:07 [INFO]   ----------------------------------------------
133
2024-03-19 00:13:07 [INFO]   Linting [DOCKERFILE_HADOLINT] files...
134
2024-03-19 00:13:07 [INFO]   ----------------------------------------------
135
2024-03-19 00:13:07 [INFO]   ----------------------------------------------
136
2024-03-19 00:13:07 [INFO]   ---------------------------
137
2024-03-19 00:13:07 [INFO]   File:[/github/workspace/docker/Dockerfile]
138
2024-03-19 00:13:07 [ERROR]   Found errors in [hadolint] linter!
139
2024-03-19 00:13:07 [ERROR]   Error code: 1. Command output:
140
------
141
/github/workspace/docker/Dockerfile:3 DL3027 warning: Do not use apt as it is meant to be a end-user tool, use apt-get or apt-cache instead
142
/github/workspace/docker/Dockerfile:8 DL4006 warning: Set the SHELL option -o pipefail before RUN with a pipe in it. If you are using /bin/sh in an alpine image or if your shell is symlinked to busybox then consider explicitly setting your SHELL to /bin/ash, or disable this check
143
/github/workspace/docker/Dockerfile:19 DL4006 warning: Set the SHELL option -o pipefail before RUN with a pipe in it. If you are using /bin/sh in an alpine image or if your shell is symlinked to busybox then consider explicitly setting your SHELL to /bin/ash, or disable this check
144
/github/workspace/docker/Dockerfile:41 DL3027 warning: Do not use apt as it is meant to be a end-user tool, use apt-get or apt-cache instead
145
/github/workspace/docker/Dockerfile:56 DL3059 info: Multiple consecutive `RUN` instructions. Consider consolidation.
146
/github/workspace/docker/Dockerfile:57 DL3059 info: Multiple consecutive `RUN` instructions. Consider consolidation.
147
/github/workspace/docker/Dockerfile:77 DL3048 style: Invalid label key.
148
------
149
2024-03-19 00:13:07 [INFO]   
150
2024-03-19 00:13:07 [INFO]   ----------------------------------------------
151
2024-03-19 00:13:07 [INFO]   ----------------------------------------------
152
2024-03-19 00:13:07 [INFO]   Linting [GITLEAKS] files...
153
2024-03-19 00:13:07 [INFO]   ----------------------------------------------
154
2024-03-19 00:13:07 [INFO]   ----------------------------------------------
155
2024-03-19 00:13:07 [INFO]   ---------------------------
156
2024-03-19 00:13:07 [INFO]   File:[/github/workspace/deploy/cds-orchestrator-deployment.yaml]
157
2024-03-19 00:13:07 [INFO]    - File:[cds-orchestrator-deployment.yaml] was linted with [gitleaks] successfully
158
2024-03-19 00:13:07 [INFO]      - Command output:
159
------
160
12:13AM INF scan completed in 2.7ms
161
12:13AM INF no leaks found
162
------
163
2024-03-19 00:13:07 [INFO]   ---------------------------
164
2024-03-19 00:13:07 [INFO]   File:[/github/workspace/docker/Dockerfile]
165
2024-03-19 00:13:07 [INFO]    - File:[Dockerfile] was linted with [gitleaks] successfully
166
2024-03-19 00:13:07 [INFO]      - Command output:
167
------
168
12:13AM INF scan completed in 2.58ms
169
12:13AM INF no leaks found
170
------
171
2024-03-19 00:13:07 [INFO]   ---------------------------
172
2024-03-19 00:13:07 [INFO]   File:[/github/workspace/docker/scripts/start.sh]
173
2024-03-19 00:13:07 [INFO]    - File:[start.sh] was linted with [gitleaks] successfully
174
2024-03-19 00:13:07 [INFO]      - Command output:
175
------
176
12:13AM INF scan completed in 2.98ms
177
12:13AM INF no leaks found
178
------
179
2024-03-19 00:13:07 [INFO]   ---------------------------
180
2024-03-19 00:13:07 [INFO]   File:[/github/workspace/src/main/java/com/hpe/glc/gts/application/orchestrator/model/HealthCheckDetails.java]
181
2024-03-19 00:13:07 [INFO]    - File:[HealthCheckDetails.java] was linted with [gitleaks] successfully
182
2024-03-19 00:13:07 [INFO]      - Command output:
183
------
184
12:13AM INF scan completed in 1.96ms
185
12:13AM INF no leaks found
186
------
187
2024-03-19 00:13:08 [INFO]   
188
2024-03-19 00:13:08 [INFO]   ----------------------------------------------
189
2024-03-19 00:13:08 [INFO]   ----------------------------------------------
190
2024-03-19 00:13:08 [INFO]   Linting [GOOGLE_JAVA_FORMAT] files...
191
2024-03-19 00:13:08 [INFO]   ----------------------------------------------
192
2024-03-19 00:13:08 [INFO]   ----------------------------------------------
193
2024-03-19 00:13:08 [INFO]   ---------------------------
194
2024-03-19 00:13:08 [INFO]   File:[/github/workspace/src/main/java/com/hpe/glc/gts/application/orchestrator/model/HealthCheckDetails.java]
195
2024-03-19 00:13:08 [ERROR]   Found errors in [google-java-format] linter!
196
2024-03-19 00:13:08 [ERROR]   Error code: 1. Command output:
197
------
198
/github/workspace/src/main/java/com/hpe/glc/gts/application/orchestrator/model/HealthCheckDetails.java
199
------
200
2024-03-19 00:13:08 [INFO]   
201
2024-03-19 00:13:08 [INFO]   ----------------------------------------------
202
2024-03-19 00:13:08 [INFO]   ----------------------------------------------
203
2024-03-19 00:13:08 [INFO]   Linting [JAVA] files...
204
2024-03-19 00:13:08 [INFO]   ----------------------------------------------
205
2024-03-19 00:13:08 [INFO]   ----------------------------------------------
206
2024-03-19 00:13:08 [INFO]   ---------------------------
207
2024-03-19 00:13:08 [INFO]   File:[/github/workspace/src/main/java/com/hpe/glc/gts/application/orchestrator/model/HealthCheckDetails.java]
208
2024-03-19 00:13:09 [ERROR]   Found errors in [checkstyle] linter!
209
2024-03-19 00:13:09 [ERROR]   Error code: 18. Command output:
210
------
211
Starting audit...
212
Error:  /github/workspace/src/main/java/com/hpe/glc/gts/application/orchestrator/model/HealthCheckDetails.java:1: File does not end with a newline. [NewlineAtEndOfFile]
213
Error:  /github/workspace/src/main/java/com/hpe/glc/gts/application/orchestrator/model/HealthCheckDetails.java:1: Missing package-info.java file. [JavadocPackage]
214
Error:  /github/workspace/src/main/java/com/hpe/glc/gts/application/orchestrator/model/HealthCheckDetails.java:16:3: Missing a Javadoc comment. [JavadocVariable]
215
Error:  /github/workspace/src/main/java/com/hpe/glc/gts/application/orchestrator/model/HealthCheckDetails.java:17:3: Missing a Javadoc comment. [JavadocVariable]
216
Error:  /github/workspace/src/main/java/com/hpe/glc/gts/application/orchestrator/model/HealthCheckDetails.java:18:3: Missing a Javadoc comment. [JavadocVariable]
217
Error:  /github/workspace/src/main/java/com/hpe/glc/gts/application/orchestrator/model/HealthCheckDetails.java:19:3: Missing a Javadoc comment. [JavadocVariable]
218
Error:  /github/workspace/src/main/java/com/hpe/glc/gts/application/orchestrator/model/HealthCheckDetails.java:20:3: Missing a Javadoc comment. [JavadocVariable]
219
Error:  /github/workspace/src/main/java/com/hpe/glc/gts/application/orchestrator/model/HealthCheckDetails.java:21:3: Missing a Javadoc comment. [JavadocVariable]
220
Error:  /github/workspace/src/main/java/com/hpe/glc/gts/application/orchestrator/model/HealthCheckDetails.java:22:3: Missing a Javadoc comment. [JavadocVariable]
221
Error:  /github/workspace/src/main/java/com/hpe/glc/gts/application/orchestrator/model/HealthCheckDetails.java:23:3: Missing a Javadoc comment. [JavadocVariable]
222
Error:  /github/workspace/src/main/java/com/hpe/glc/gts/application/orchestrator/model/HealthCheckDetails.java:24:3: Missing a Javadoc comment. [JavadocVariable]
223
Error:  /github/workspace/src/main/java/com/hpe/glc/gts/application/orchestrator/model/HealthCheckDetails.java:25:3: Missing a Javadoc comment. [JavadocVariable]
224
Error:  /github/workspace/src/main/java/com/hpe/glc/gts/application/orchestrator/model/HealthCheckDetails.java:26:3: Missing a Javadoc comment. [JavadocVariable]
225
Error:  /github/workspace/src/main/java/com/hpe/glc/gts/application/orchestrator/model/HealthCheckDetails.java:27:3: Missing a Javadoc comment. [JavadocVariable]
226
Error:  /github/workspace/src/main/java/com/hpe/glc/gts/application/orchestrator/model/HealthCheckDetails.java:33:5: Missing a Javadoc comment. [JavadocVariable]
227
Error:  /github/workspace/src/main/java/com/hpe/glc/gts/application/orchestrator/model/HealthCheckDetails.java:34:5: Missing a Javadoc comment. [JavadocVariable]
228
Error:  /github/workspace/src/main/java/com/hpe/glc/gts/application/orchestrator/model/HealthCheckDetails.java:35:5: Missing a Javadoc comment. [JavadocVariable]
229
Error:  /github/workspace/src/main/java/com/hpe/glc/gts/application/orchestrator/model/HealthCheckDetails.java:36:5: Missing a Javadoc comment. [JavadocVariable]
230
Audit done.
231
Checkstyle ends with 18 errors.
232
------
233
2024-03-19 00:13:09 [INFO]   
234
2024-03-19 00:13:09 [INFO]   ----------------------------------------------
235
2024-03-19 00:13:09 [INFO]   ----------------------------------------------
236
2024-03-19 00:13:09 [INFO]   Linting [JSCPD] files...
237
2024-03-19 00:13:09 [INFO]   ----------------------------------------------
238
2024-03-19 00:13:09 [INFO]   ----------------------------------------------
239
2024-03-19 00:13:09 [INFO]   ---------------------------
240
2024-03-19 00:13:09 [INFO]   File:[/github/workspace/deploy/cds-orchestrator-deployment.yaml]
241
2024-03-19 00:13:10 [INFO]    - File:[cds-orchestrator-deployment.yaml] was linted with [jscpd] successfully
242
2024-03-19 00:13:10 [INFO]      - Command output:
243
------
244
Found 0 clones.
245
Detection time:: 21.37ms
246
------
247
2024-03-19 00:13:10 [INFO]   ---------------------------
248
2024-03-19 00:13:10 [INFO]   File:[/github/workspace/docker/Dockerfile]
249
2024-03-19 00:13:11 [INFO]    - File:[Dockerfile] was linted with [jscpd] successfully
250
2024-03-19 00:13:11 [INFO]      - Command output:
251
------
252
Detection time:: 0.701ms
253
------
254
2024-03-19 00:13:11 [INFO]   ---------------------------
255
2024-03-19 00:13:11 [INFO]   File:[/github/workspace/docker/scripts/start.sh]
256
2024-03-19 00:13:11 [INFO]    - File:[start.sh] was linted with [jscpd] successfully
257
2024-03-19 00:13:11 [INFO]      - Command output:
258
------
259
Found 0 clones.
260
Detection time:: 13.071ms
261
------
262
2024-03-19 00:13:11 [INFO]   ---------------------------
263
2024-03-19 00:13:11 [INFO]   File:[/github/workspace/src/main/java/com/hpe/glc/gts/application/orchestrator/model/HealthCheckDetails.java]
264
2024-03-19 00:13:12 [INFO]    - File:[HealthCheckDetails.java] was linted with [jscpd] successfully
265
2024-03-19 00:13:12 [INFO]      - Command output:
266
------
267
Found 0 clones.
268
Detection time:: 12.062ms
269
------
270
2024-03-19 00:13:12 [INFO]   
271
2024-03-19 00:13:12 [INFO]   ----------------------------------------------
272
2024-03-19 00:13:12 [INFO]   ----------------------------------------------
273
2024-03-19 00:13:12 [INFO]   Linting [KUBERNETES_KUBECONFORM] files...
274
2024-03-19 00:13:12 [INFO]   ----------------------------------------------
275
2024-03-19 00:13:12 [INFO]   ----------------------------------------------
276
2024-03-19 00:13:12 [INFO]   ---------------------------
277
2024-03-19 00:13:12 [INFO]   File:[/github/workspace/deploy/cds-orchestrator-deployment.yaml]
278
2024-03-19 00:13:12 [INFO]    - File:[cds-orchestrator-deployment.yaml] was linted with [kubeconform] successfully
279
2024-03-19 00:13:12 [INFO]   
280
2024-03-19 00:13:12 [INFO]   ----------------------------------------------
281
2024-03-19 00:13:12 [INFO]   ----------------------------------------------
282
2024-03-19 00:13:12 [INFO]   Linting [NATURAL_LANGUAGE] files...
283
2024-03-19 00:13:12 [INFO]   ----------------------------------------------
284
2024-03-19 00:13:13 [INFO]   ----------------------------------------------
285
2024-03-19 00:13:13 [INFO]   ---------------------------
286
2024-03-19 00:13:13 [INFO]   File:[/github/workspace/deploy/cds-orchestrator-deployment.yaml]
287
2024-03-19 00:13:13 [INFO]    - File:[cds-orchestrator-deployment.yaml] was linted with [textlint] successfully
288
2024-03-19 00:13:13 [INFO]   ---------------------------
289
2024-03-19 00:13:13 [INFO]   File:[/github/workspace/docker/Dockerfile]
290
2024-03-19 00:13:13 [INFO]    - File:[Dockerfile] was linted with [textlint] successfully
291
2024-03-19 00:13:13 [INFO]   ---------------------------
292
2024-03-19 00:13:13 [INFO]   File:[/github/workspace/docker/scripts/start.sh]
293
2024-03-19 00:13:14 [INFO]    - File:[start.sh] was linted with [textlint] successfully
294
2024-03-19 00:13:14 [INFO]   ---------------------------
295
2024-03-19 00:13:14 [INFO]   File:[/github/workspace/src/main/java/com/hpe/glc/gts/application/orchestrator/model/HealthCheckDetails.java]
296
2024-03-19 00:13:14 [INFO]    - File:[HealthCheckDetails.java] was linted with [textlint] successfully
297
2024-03-19 00:13:15 [INFO]   
298
2024-03-19 00:13:15 [INFO]   ----------------------------------------------
299
2024-03-19 00:13:15 [INFO]   ----------------------------------------------
300
2024-03-19 00:13:15 [INFO]   Linting [YAML] files...
301
2024-03-19 00:13:15 [INFO]   ----------------------------------------------
302
2024-03-19 00:13:15 [INFO]   ----------------------------------------------
303
2024-03-19 00:13:15 [INFO]   ---------------------------
304
2024-03-19 00:13:15 [INFO]   File:[/github/workspace/deploy/cds-orchestrator-deployment.yaml]
305
2024-03-19 00:13:15 [INFO]    - File:[cds-orchestrator-deployment.yaml] was linted with [yamllint] successfully
306
2024-03-19 00:13:15 [INFO]      - Command output:
307
------
308
Warning: orkspace/deploy/cds-orchestrator-deployment.yaml:1:1: [warning] missing document start "---" (document-start)
309
------
310
2024-03-19 00:13:15 [INFO]   ----------------------------------------------
311
2024-03-19 00:13:15 [INFO]   ----------------------------------------------
312
2024-03-19 00:13:15 [INFO]   The script has completed
313
2024-03-19 00:13:15 [INFO]   ----------------------------------------------
314
2024-03-19 00:13:15 [INFO]   ----------------------------------------------
315
2024-03-19 00:13:15 [ERROR]   ERRORS FOUND in BASH:[1]
316
2024-03-19 00:13:16 [INFO]   ERROR! Failed to call GitHub Status API!
317
2024-03-19 00:13:16 [INFO]   ERROR:[curl: (22) The requested URL returned error: 403]
318
2024-03-19 00:13:16 [INFO]   ERROR! Failed to call GitHub Status API!
319
2024-03-19 00:13:16 [INFO]   ERROR:[curl: (22) The requested URL returned error: 403]
320
2024-03-19 00:13:16 [ERROR]   ERRORS FOUND in DOCKERFILE_HADOLINT:[1]
321
2024-03-19 00:13:16 [INFO]   ERROR! Failed to call GitHub Status API!
322
2024-03-19 00:13:16 [INFO]   ERROR:[curl: (22) The requested URL returned error: 403]
323
2024-03-19 00:13:16 [INFO]   ERROR! Failed to call GitHub Status API!
324
2024-03-19 00:13:16 [INFO]   ERROR:[curl: (22) The requested URL returned error: 403]
325
2024-03-19 00:13:16 [ERROR]   ERRORS FOUND in GOOGLE_JAVA_FORMAT:[1]
326
2024-03-19 00:13:17 [INFO]   ERROR! Failed to call GitHub Status API!
327
2024-03-19 00:13:17 [INFO]   ERROR:[curl: (22) The requested URL returned error: 403]
328
2024-03-19 00:13:17 [ERROR]   ERRORS FOUND in JAVA:[1]
329
2024-03-19 00:13:17 [INFO]   ERROR! Failed to call GitHub Status API!
330
2024-03-19 00:13:17 [INFO]   ERROR:[curl: (22) The requested URL returned error: 403]
331
2024-03-19 00:13:17 [INFO]   ERROR! Failed to call GitHub Status API!
332
2024-03-19 00:13:17 [INFO]   ERROR:[curl: (22) The requested URL returned error: 403]
333
2024-03-19 00:13:17 [INFO]   ERROR! Failed to call GitHub Status API!
334
2024-03-19 00:13:17 [INFO]   ERROR:[curl: (22) The requested URL returned error: 403]
335
2024-03-19 00:13:17 [INFO]   ERROR! Failed to call GitHub Status API!
336
2024-03-19 00:13:17 [INFO]   ERROR:[curl: (22) The requested URL returned error: 403]
337
2024-03-19 00:13:18 [INFO]   ERROR! Failed to call GitHub Status API!
338
2024-03-19 00:13:18 [INFO]   ERROR:[curl: (22) The requested URL returned error: 403]
339
2024-03-19 00:13:18 [FATAL]   Exiting with errors found!
